<?xml version="1.0" encoding="UTF-8"?>
<!-- Generated by org.testng.reporters.JUnitReportReporter -->
<testsuite skipped="0" hostname="LAPTOP-9F5ANEPK" name="frameWorkPractice.TC001_Login" tests="1" failures="0" timestamp="2021-01-31T11:59:19 GMT" time="17.734" errors="0">
  <testcase name="Login" time="17.734" classname="frameWorkPractice.TC001_Login"/>
</testsuite> <!-- frameWorkPractice.TC001_Login -->
