<?xml version="1.0" encoding="UTF-8"?>
<!-- Generated by org.testng.reporters.JUnitReportReporter -->
<testsuite skipped="0" hostname="LAPTOP-9F5ANEPK" name="steps.Runner" tests="2" failures="0" timestamp="2021-01-31T12:06:16 GMT" time="111.443" errors="0">
  <testcase name="runScenario" time="33.801" classname="steps.Runner"/>
  <testcase name="runScenario" time="77.642" classname="steps.Runner"/>
</testsuite> <!-- steps.Runner -->
