<?xml version="1.0" encoding="UTF-8"?>
<!-- Generated by org.testng.reporters.JUnitReportReporter -->
<testsuite skipped="0" hostname="LAPTOP-9F5ANEPK" name="steps.Runner" tests="2" failures="0" timestamp="2021-01-28T19:25:56 GMT" time="122.347" errors="0">
  <testcase name="runScenario" time="43.730" classname="steps.Runner"/>
  <testcase name="runScenario" time="78.617" classname="steps.Runner"/>
</testsuite> <!-- steps.Runner -->
