<?xml version="1.0" encoding="UTF-8"?>
<!-- Generated by org.testng.reporters.JUnitReportReporter -->
<testsuite skipped="0" hostname="LAPTOP-9F5ANEPK" name="UKFlooring.UKflooringSale" tests="1" failures="0" timestamp="2021-01-30T17:45:02 GMT" time="109.523" errors="0">
  <testcase name="flooringSale" time="109.523" classname="UKFlooring.UKflooringSale"/>
</testsuite> <!-- UKFlooring.UKflooringSale -->
