<?xml version="1.0" encoding="UTF-8"?>
<!-- Generated by org.testng.reporters.JUnitReportReporter -->
<testsuite skipped="0" hostname="LAPTOP-9F5ANEPK" name="steps.Runner" tests="2" failures="0" timestamp="2021-02-05T20:34:36 GMT" time="137.030" errors="0">
  <testcase name="runScenario" time="44.065" classname="steps.Runner"/>
  <testcase name="runScenario" time="92.965" classname="steps.Runner"/>
</testsuite> <!-- steps.Runner -->
