<?xml version="1.0" encoding="UTF-8"?>
<!-- Generated by org.testng.reporters.JUnitReportReporter -->
<testsuite skipped="0" hostname="LAPTOP-9F5ANEPK" name="steps1.Runner" tests="2" failures="0" timestamp="2021-02-05T18:18:06 GMT" time="56.541" errors="0">
  <testcase name="runScenario" time="31.327" classname="steps1.Runner"/>
  <testcase name="runScenario" time="25.214" classname="steps1.Runner"/>
</testsuite> <!-- steps1.Runner -->
