<?xml version="1.0" encoding="UTF-8"?>
<!-- Generated by org.testng.reporters.JUnitReportReporter -->
<testsuite skipped="0" hostname="LAPTOP-9F5ANEPK" name="frameWorkPractice.TC002_Wishlist" tests="2" failures="0" timestamp="2021-01-30T18:50:21 GMT" time="35.453" errors="0">
  <testcase name="Wishlist" time="15.190" classname="frameWorkPractice.TC002_Wishlist"/>
  <testcase name="Login" time="20.263" classname="frameWorkPractice.TC002_Wishlist"/>
</testsuite> <!-- frameWorkPractice.TC002_Wishlist -->
