<?xml version="1.0" encoding="UTF-8"?>
<!-- Generated by org.testng.reporters.JUnitReportReporter -->
<testsuite skipped="0" hostname="LAPTOP-9F5ANEPK" name="frameWorkPractice.TC003_Product" tests="3" failures="0" timestamp="2021-01-30T18:57:01 GMT" time="44.646" errors="0">
  <testcase name="Login" time="19.440" classname="frameWorkPractice.TC003_Product"/>
  <testcase name="Wishlist" time="13.135" classname="frameWorkPractice.TC003_Product"/>
  <testcase name="Product" time="12.071" classname="frameWorkPractice.TC003_Product"/>
</testsuite> <!-- frameWorkPractice.TC003_Product -->
