<?xml version="1.0" encoding="UTF-8"?>
<!-- Generated by org.testng.reporters.JUnitReportReporter -->
<testsuite skipped="0" hostname="LAPTOP-9F5ANEPK" name="UKFlooring.UKflooringSale" tests="1" failures="0" timestamp="2021-01-31T12:02:12 GMT" time="101.529" errors="0">
  <testcase name="flooringSale" time="101.529" classname="UKFlooring.UKflooringSale"/>
</testsuite> <!-- UKFlooring.UKflooringSale -->
